<testsuites id="" name="" tests="6" failures="6" skipped="0" errors="0" time="5.5295749999999995">
<testsuite name="config-driven.spec.ts" timestamp="2026-02-28T12:31:19.861Z" hostname="chromium" tests="6" failures="6" skipped="0" time="0.038" errors="0">
<testcase name="Config-driven tests: iam › should render the correct site title and meta tags" classname="config-driven.spec.ts" time="0.006">
<failure message="config-driven.spec.ts:45:3 should render the correct site title and meta tags" type="FAILURE">
<![CDATA[  [chromium] › config-driven.spec.ts:45:3 › Config-driven tests: iam › should render the correct site title and meta tags 

    Error: browserType.launch: Executable doesn't exist at /home/me/.cache/ms-playwright/chromium_headless_shell-1208/chrome-headless-shell-linux64/chrome-headless-shell
    ╔═════════════════════════════════════════════════════════════════════════╗
    ║ Looks like Playwright Test or Playwright was just installed or updated. ║
    ║ Please run the following command to download new browsers:              ║
    ║                                                                         ║
    ║     npx playwright install                                              ║
    ║                                                                         ║
    ║ <3 Playwright Team                                                      ║
    ╚═════════════════════════════════════════════════════════════════════════╝
]]>
</failure>
</testcase>
<testcase name="Config-driven tests: iam › should inject requested assets from config" classname="config-driven.spec.ts" time="0.01">
<failure message="config-driven.spec.ts:59:3 should inject requested assets from config" type="FAILURE">
<![CDATA[  [chromium] › config-driven.spec.ts:59:3 › Config-driven tests: iam › should inject requested assets from config 

    Error: browserType.launch: Executable doesn't exist at /home/me/.cache/ms-playwright/chromium_headless_shell-1208/chrome-headless-shell-linux64/chrome-headless-shell
    ╔═════════════════════════════════════════════════════════════════════════╗
    ║ Looks like Playwright Test or Playwright was just installed or updated. ║
    ║ Please run the following command to download new browsers:              ║
    ║                                                                         ║
    ║     npx playwright install                                              ║
    ║                                                                         ║
    ║ <3 Playwright Team                                                      ║
    ╚═════════════════════════════════════════════════════════════════════════╝
]]>
</failure>
</testcase>
<testcase name="Config-driven tests: iam › should render navigation based on i18n keys" classname="config-driven.spec.ts" time="0.008">
<failure message="config-driven.spec.ts:74:3 should render navigation based on i18n keys" type="FAILURE">
<![CDATA[  [chromium] › config-driven.spec.ts:74:3 › Config-driven tests: iam › should render navigation based on i18n keys 

    Error: browserType.launch: Executable doesn't exist at /home/me/.cache/ms-playwright/chromium_headless_shell-1208/chrome-headless-shell-linux64/chrome-headless-shell
    ╔═════════════════════════════════════════════════════════════════════════╗
    ║ Looks like Playwright Test or Playwright was just installed or updated. ║
    ║ Please run the following command to download new browsers:              ║
    ║                                                                         ║
    ║     npx playwright install                                              ║
    ║                                                                         ║
    ║ <3 Playwright Team                                                      ║
    ╚═════════════════════════════════════════════════════════════════════════╝
]]>
</failure>
</testcase>
<testcase name="Config-driven tests: iam › should render home page content from template and i18n" classname="config-driven.spec.ts" time="0.007">
<failure message="config-driven.spec.ts:87:3 should render home page content from template and i18n" type="FAILURE">
<![CDATA[  [chromium] › config-driven.spec.ts:87:3 › Config-driven tests: iam › should render home page content from template and i18n 

    Error: browserType.launch: Executable doesn't exist at /home/me/.cache/ms-playwright/chromium_headless_shell-1208/chrome-headless-shell-linux64/chrome-headless-shell
    ╔═════════════════════════════════════════════════════════════════════════╗
    ║ Looks like Playwright Test or Playwright was just installed or updated. ║
    ║ Please run the following command to download new browsers:              ║
    ║                                                                         ║
    ║     npx playwright install                                              ║
    ║                                                                         ║
    ║ <3 Playwright Team                                                      ║
    ╚═════════════════════════════════════════════════════════════════════════╝
]]>
</failure>
</testcase>
<testcase name="Config-driven tests: iam › should render footer copyright from i18n" classname="config-driven.spec.ts" time="0.004">
<failure message="config-driven.spec.ts:103:3 should render footer copyright from i18n" type="FAILURE">
<![CDATA[  [chromium] › config-driven.spec.ts:103:3 › Config-driven tests: iam › should render footer copyright from i18n 

    Error: browserType.launch: Executable doesn't exist at /home/me/.cache/ms-playwright/chromium_headless_shell-1208/chrome-headless-shell-linux64/chrome-headless-shell
    ╔═════════════════════════════════════════════════════════════════════════╗
    ║ Looks like Playwright Test or Playwright was just installed or updated. ║
    ║ Please run the following command to download new browsers:              ║
    ║                                                                         ║
    ║     npx playwright install                                              ║
    ║                                                                         ║
    ║ <3 Playwright Team                                                      ║
    ╚═════════════════════════════════════════════════════════════════════════╝
]]>
</failure>
</testcase>
<testcase name="Config-driven tests: iam › should correctly transition through routes defined in config" classname="config-driven.spec.ts" time="0.003">
<failure message="config-driven.spec.ts:112:3 should correctly transition through routes defined in config" type="FAILURE">
<![CDATA[  [chromium] › config-driven.spec.ts:112:3 › Config-driven tests: iam › should correctly transition through routes defined in config 

    Error: browserType.launch: Executable doesn't exist at /home/me/.cache/ms-playwright/chromium_headless_shell-1208/chrome-headless-shell-linux64/chrome-headless-shell
    ╔═════════════════════════════════════════════════════════════════════════╗
    ║ Looks like Playwright Test or Playwright was just installed or updated. ║
    ║ Please run the following command to download new browsers:              ║
    ║                                                                         ║
    ║     npx playwright install                                              ║
    ║                                                                         ║
    ║ <3 Playwright Team                                                      ║
    ╚═════════════════════════════════════════════════════════════════════════╝
]]>
</failure>
</testcase>
</testsuite>
</testsuites>