<testsuites id="" name="" tests="45" failures="0" skipped="1" errors="0" time="15.631666">
<testsuite name="config-driven.spec.ts" timestamp="2026-03-02T02:29:58.197Z" hostname="chromium" tests="7" failures="0" skipped="1" time="3.748" errors="0">
<testcase name="Config-driven tests: iam › should render the correct site title and meta tags" classname="config-driven.spec.ts" time="0.479">
</testcase>
<testcase name="Config-driven tests: iam › should inject requested assets from config" classname="config-driven.spec.ts" time="0.717">
</testcase>
<testcase name="Config-driven tests: iam › should include runtime injection tags when configured" classname="config-driven.spec.ts" time="0.485">
</testcase>
<testcase name="Config-driven tests: iam › should render navigation based on i18n keys" classname="config-driven.spec.ts" time="0.487">
<properties>
<property name="skip" value="">
</property>
</properties>
<skipped>
</skipped>
</testcase>
<testcase name="Config-driven tests: iam › should render home page content from template and i18n" classname="config-driven.spec.ts" time="0.585">
</testcase>
<testcase name="Config-driven tests: iam › should render footer copyright from i18n" classname="config-driven.spec.ts" time="0.609">
</testcase>
<testcase name="Config-driven tests: iam › should correctly transition through routes defined in config" classname="config-driven.spec.ts" time="0.386">
</testcase>
</testsuite>
<testsuite name="framework.spec.ts" timestamp="2026-03-02T02:29:58.197Z" hostname="chromium" tests="21" failures="0" skipped="0" time="21.702" errors="0">
<testcase name="UX3 Framework Core E2E Tests › should initialize AppContext on application load" classname="framework.spec.ts" time="0.716">
</testcase>
<testcase name="UX3 Framework Core E2E Tests › should inject runtime bundle/styles/hydration tags" classname="framework.spec.ts" time="0.778">
</testcase>
<testcase name="UX3 Framework Core E2E Tests › should support custom element definitions" classname="framework.spec.ts" time="0.814">
</testcase>
<testcase name="UX3 Framework Core E2E Tests › should handle state machine transitions" classname="framework.spec.ts" time="0.887">
</testcase>
<testcase name="UX3 Framework Core E2E Tests › should support service calls" classname="framework.spec.ts" time="1.779">
</testcase>
<testcase name="UX3 Framework Core E2E Tests › should support data binding" classname="framework.spec.ts" time="0.731">
</testcase>
<testcase name="UX3 Framework Core E2E Tests › should support event handling" classname="framework.spec.ts" time="0.803">
</testcase>
<testcase name="UX3 Framework Core E2E Tests › should support i18n integration" classname="framework.spec.ts" time="0.739">
</testcase>
<testcase name="UX3 Framework Core E2E Tests › should handle form submissions" classname="framework.spec.ts" time="0.727">
</testcase>
<testcase name="UX3 Framework Core E2E Tests › should maintain application state" classname="framework.spec.ts" time="0.873">
</testcase>
<testcase name="UX3 Framework Core E2E Tests › should support error recovery" classname="framework.spec.ts" time="0.906">
</testcase>
<testcase name="UX3 Framework Core E2E Tests › should support lazy loading" classname="framework.spec.ts" time="0.981">
</testcase>
<testcase name="UX3 Framework Core E2E Tests › should initialize with correct HTML structure" classname="framework.spec.ts" time="1.071">
</testcase>
<testcase name="UX3 Framework Core E2E Tests › should support custom attributes" classname="framework.spec.ts" time="1.144">
</testcase>
<testcase name="UX3 Framework Core E2E Tests › should emit telemetry events" classname="framework.spec.ts" time="0.976">
</testcase>
<testcase name="UX3 Framework Core E2E Tests › should support shadow DOM components" classname="framework.spec.ts" time="0.923">
</testcase>
<testcase name="UX3 Framework Core E2E Tests › should handle viewport changes" classname="framework.spec.ts" time="1.415">
</testcase>
<testcase name="UX3 Framework Core E2E Tests › should handle concurrent operations" classname="framework.spec.ts" time="1.965">
</testcase>
<testcase name="UX3 Framework Core E2E Tests › should clean up resources" classname="framework.spec.ts" time="1.909">
</testcase>
<testcase name="UX3 Framework Core E2E Tests › should handle storage integration" classname="framework.spec.ts" time="0.781">
</testcase>
<testcase name="UX3 Framework Core E2E Tests › should handle history API" classname="framework.spec.ts" time="0.784">
</testcase>
</testsuite>
<testsuite name="iam.spec.ts" timestamp="2026-03-02T02:29:58.197Z" hostname="chromium" tests="17" failures="0" skipped="0" time="14.154" errors="0">
<testcase name="IAM Application E2E Tests › should load IAM application" classname="iam.spec.ts" time="0.919">
</testcase>
<testcase name="IAM Application E2E Tests › development logging should emit inspector message" classname="iam.spec.ts" time="1.405">
</testcase>
<testcase name="IAM Application E2E Tests › should display login form initially" classname="iam.spec.ts" time="0.851">
</testcase>
<testcase name="IAM Application E2E Tests › should validate form inputs" classname="iam.spec.ts" time="0.936">
</testcase>
<testcase name="IAM Application E2E Tests › should handle user input" classname="iam.spec.ts" time="0.833">
</testcase>
<testcase name="IAM Application E2E Tests › should handle form submission" classname="iam.spec.ts" time="0.695">
</testcase>
<testcase name="IAM Application E2E Tests › should maintain state during navigation" classname="iam.spec.ts" time="0.757">
</testcase>
<testcase name="IAM Application E2E Tests › should handle rapid interactions" classname="iam.spec.ts" time="0.757">
</testcase>
<testcase name="IAM Application E2E Tests › should display UI components correctly" classname="iam.spec.ts" time="0.788">
</testcase>
<testcase name="IAM Application E2E Tests › should not have console errors" classname="iam.spec.ts" time="0.707">
</testcase>
<testcase name="IAM Application E2E Tests › should handle network errors gracefully" classname="iam.spec.ts" time="0.782">
</testcase>
<testcase name="IAM Application E2E Tests › should respond to accessibility interactions" classname="iam.spec.ts" time="0.789">
</testcase>
<testcase name="IAM Application E2E Tests › should display responsive layout" classname="iam.spec.ts" time="0.865">
</testcase>
<testcase name="IAM Application E2E Tests › should handle modal/dialog if present" classname="iam.spec.ts" time="0.788">
</testcase>
<testcase name="IAM Application E2E Tests › should maintain data consistency" classname="iam.spec.ts" time="0.801">
</testcase>
<testcase name="IAM Application E2E Tests › should handle loading states" classname="iam.spec.ts" time="0.759">
</testcase>
<testcase name="IAM Application E2E Tests › should display success/error messages" classname="iam.spec.ts" time="0.722">
</testcase>
</testsuite>
</testsuites>