<testsuites id="" name="" tests="2" failures="1" skipped="1" errors="0" time="69.082382">
<testsuite name="iam-content.spec.ts" timestamp="2026-03-02T06:07:53.467Z" hostname="chromium" tests="2" failures="1" skipped="1" time="65.485" errors="0">
<testcase name="news page shows articles" classname="iam-content.spec.ts" time="65.485">
<failure message="iam-content.spec.ts:5:1 news page shows articles" type="FAILURE">
<![CDATA[  [chromium] › iam-content.spec.ts:5:1 › news page shows articles ──────────────────────────────────

    Error: page.waitForSelector: Target page, context or browser has been closed
    Call log:
      - waiting for locator('ul li h3') to be visible


       6 |   await page.goto('/news');
       7 |   // wait for loading to complete and articles to render
    >  8 |   await page.waitForSelector('ul li h3');
         |              ^
       9 |   const titles = await page.$$eval('ul li h3', els => els.map(e => e.textContent));
      10 |   expect(titles.length).toBeGreaterThan(0);
      11 | });
        at /developer/ux3/tests/e2e/iam-content.spec.ts:8:14

    attachment #1: video (video/webm) ──────────────────────────────────────────────────────────────
    ../../playwright-report/iam-content-news-page-shows-articles-chromium/video.webm
    ────────────────────────────────────────────────────────────────────────────────────────────────
]]>
</failure>
<system-out>
<![CDATA[
[[ATTACHMENT|iam-content-news-page-shows-articles-chromium/video.webm]]
]]>
</system-out>
</testcase>
<testcase name="market page displays table and chart element" classname="iam-content.spec.ts" time="0">
<skipped>
</skipped>
</testcase>
</testsuite>
</testsuites>