<testsuites id="" name="" tests="2" failures="2" skipped="0" errors="0" time="15.489640999999999">
<testsuite name="iam-content.spec.ts" timestamp="2026-03-02T10:32:50.130Z" hostname="chromium" tests="2" failures="2" skipped="0" time="22.174" errors="0">
<testcase name="news page shows articles" classname="iam-content.spec.ts" time="11.109">
<failure message="iam-content.spec.ts:5:1 news page shows articles" type="FAILURE">
<![CDATA[  [chromium] › iam-content.spec.ts:5:1 › news page shows articles ──────────────────────────────────

    TimeoutError: page.waitForSelector: Timeout 10000ms exceeded.
    Call log:
      - waiting for locator('div[ux-state="news.loaded"]') to be visible


       9 |   console.log('PAGE HTML [news]', await page.content());
      10 |   // wait for UX3 to initialize and the FSM to reach loaded state
    > 11 |   await page.waitForSelector('div[ux-state="news.loaded"]', { timeout: 10000 });
         |              ^
      12 |   // now articles should be present
      13 |   await page.waitForSelector('ul li h3');
      14 |   const titles = await page.$$eval('ul li h3', els => els.map(e => e.textContent));
        at /developer/ux3/tests/e2e/iam-content.spec.ts:11:14

    attachment #1: screenshot (image/png) ──────────────────────────────────────────────────────────
    ../../playwright-report/iam-content-news-page-shows-articles-chromium/test-failed-1.png
    ────────────────────────────────────────────────────────────────────────────────────────────────

    attachment #2: video (video/webm) ──────────────────────────────────────────────────────────────
    ../../playwright-report/iam-content-news-page-shows-articles-chromium/video.webm
    ────────────────────────────────────────────────────────────────────────────────────────────────

    Error Context: ../../playwright-report/iam-content-news-page-shows-articles-chromium/error-context.md
]]>
</failure>
<system-out>
<![CDATA[PAGE LOG [news]: [AppContextBuilder] createService api {adapter: http, baseUrl: http://localhost:1337/api, auth: Object} http
PAGE LOG [news]: [AppContextBuilder] createService realtime {adapter: websocket, url: ws://localhost:1337/realtime, reconnectAttempts: 5, reconnectInterval: 2000} websocket
PAGE LOG [news]: [AppContextBuilder] createService chat {adapter: jsonrpc, endpoint: http://localhost:1337/rpc/chat} jsonrpc
PAGE LOG [news]: [AppContextBuilder] createService chatbot {adapter: jsonrpc, endpoint: http://localhost:1337/api/chatbot} jsonrpc
PAGE LOG [news]: [AppContextBuilder] createService eod {adapter: file, baseUrl: public/api/asset/eod/{{this.symbol}}.json, caching: Object} file
PAGE LOG [news]: %c[DEBUG] 2026-03-02T10:32:51.632Z inspector enabled color: gray {} undefined
PAGE LOG [news]: %c[DEBUG] 2026-03-02T10:32:51.634Z machine.initialized color: gray {name: accountFSM} undefined
PAGE LOG [news]: %c[DEBUG] 2026-03-02T10:32:51.634Z machine.initialized color: gray {name: assetFSM} undefined
PAGE LOG [news]: %c[DEBUG] 2026-03-02T10:32:51.634Z machine.initialized color: gray {name: billingFSM} undefined
PAGE LOG [news]: %c[DEBUG] 2026-03-02T10:32:51.634Z machine.initialized color: gray {name: blogFSM} undefined
PAGE LOG [news]: %c[DEBUG] 2026-03-02T10:32:51.634Z machine.initialized color: gray {name: chatFSM} undefined
PAGE LOG [news]: %c[DEBUG] 2026-03-02T10:32:51.635Z machine.initialized color: gray {name: dashboardFSM} undefined
PAGE LOG [news]: %c[DEBUG] 2026-03-02T10:32:51.635Z machine.initialized color: gray {name: for-youFSM} undefined
PAGE LOG [news]: %c[DEBUG] 2026-03-02T10:32:51.635Z machine.initialized color: gray {name: indexFSM} undefined
PAGE LOG [news]: %c[DEBUG] 2026-03-02T10:32:51.635Z machine.initialized color: gray {name: loginFSM} undefined
PAGE LOG [news]: %c[DEBUG] 2026-03-02T10:32:51.635Z machine.initialized color: gray {name: macroFSM} undefined
PAGE LOG [news]: %c[DEBUG] 2026-03-02T10:32:51.635Z machine.initialized color: gray {name: marketFSM} undefined
PAGE LOG [news]: %c[DEBUG] 2026-03-02T10:32:51.635Z machine.initialized color: gray {name: newsFSM} undefined
PAGE LOG [news]: %c[DEBUG] 2026-03-02T10:32:51.635Z machine.initialized color: gray {name: sign-upFSM} undefined
PAGE LOG [news]: %c[DEBUG] 2026-03-02T10:32:51.635Z service.spec color: gray {name: api, spec: Object} undefined
PAGE LOG [news]: %c[DEBUG] 2026-03-02T10:32:51.635Z service.initialized color: gray {name: api, type: undefined, adapter: http} undefined
PAGE LOG [news]: %c[DEBUG] 2026-03-02T10:32:51.636Z service.spec color: gray {name: realtime, spec: Object} undefined
PAGE LOG [news]: %c[DEBUG] 2026-03-02T10:32:51.636Z service.initialized color: gray {name: realtime, type: undefined, adapter: websocket} undefined
PAGE LOG [news]: %c[DEBUG] 2026-03-02T10:32:51.636Z service.spec color: gray {name: chat, spec: Object} undefined
PAGE LOG [news]: %c[DEBUG] 2026-03-02T10:32:51.636Z service.initialized color: gray {name: chat, type: undefined, adapter: jsonrpc} undefined
PAGE LOG [news]: %c[DEBUG] 2026-03-02T10:32:51.636Z service.spec color: gray {name: chatbot, spec: Object} undefined
PAGE LOG [news]: %c[DEBUG] 2026-03-02T10:32:51.636Z service.initialized color: gray {name: chatbot, type: undefined, adapter: jsonrpc} undefined
PAGE LOG [news]: %c[DEBUG] 2026-03-02T10:32:51.636Z service.spec color: gray {name: eod, spec: Object} undefined
PAGE LOG [news]: %c[DEBUG] 2026-03-02T10:32:51.636Z service.initialized color: gray {name: eod, type: undefined, adapter: file} undefined
PAGE LOG [news]: [AppContextBuilder] createService api {adapter: http, baseUrl: http://localhost:1337/api, auth: Object} http
PAGE LOG [news]: [AppContextBuilder] createService realtime {adapter: websocket, url: ws://localhost:1337/realtime, reconnectAttempts: 5, reconnectInterval: 2000} websocket
PAGE LOG [news]: [AppContextBuilder] createService chat {adapter: jsonrpc, endpoint: http://localhost:1337/rpc/chat} jsonrpc
PAGE LOG [news]: [AppContextBuilder] createService chatbot {adapter: jsonrpc, endpoint: http://localhost:1337/api/chatbot} jsonrpc
PAGE LOG [news]: [AppContextBuilder] createService eod {adapter: file, baseUrl: public/api/asset/eod/{{this.symbol}}.json, caching: Object} file
PAGE LOG [news]: %c[DEBUG] 2026-03-02T10:32:51.643Z inspector enabled color: gray {} undefined
PAGE LOG [news]: %c[DEBUG] 2026-03-02T10:32:51.644Z machine.initialized color: gray {name: accountFSM} undefined
PAGE LOG [news]: %c[DEBUG] 2026-03-02T10:32:51.644Z machine.initialized color: gray {name: assetFSM} undefined
PAGE LOG [news]: %c[DEBUG] 2026-03-02T10:32:51.644Z machine.initialized color: gray {name: billingFSM} undefined
PAGE LOG [news]: %c[DEBUG] 2026-03-02T10:32:51.644Z machine.initialized color: gray {name: blogFSM} undefined
PAGE LOG [news]: %c[DEBUG] 2026-03-02T10:32:51.644Z machine.initialized color: gray {name: chatFSM} undefined
PAGE LOG [news]: %c[DEBUG] 2026-03-02T10:32:51.644Z machine.initialized color: gray {name: dashboardFSM} undefined
PAGE LOG [news]: %c[DEBUG] 2026-03-02T10:32:51.644Z machine.initialized color: gray {name: for-youFSM} undefined
PAGE LOG [news]: %c[DEBUG] 2026-03-02T10:32:51.644Z machine.initialized color: gray {name: indexFSM} undefined
PAGE LOG [news]: %c[DEBUG] 2026-03-02T10:32:51.644Z machine.initialized color: gray {name: loginFSM} undefined
PAGE LOG [news]: %c[DEBUG] 2026-03-02T10:32:51.644Z machine.initialized color: gray {name: macroFSM} undefined
PAGE LOG [news]: %c[DEBUG] 2026-03-02T10:32:51.644Z machine.initialized color: gray {name: marketFSM} undefined
PAGE LOG [news]: %c[DEBUG] 2026-03-02T10:32:51.645Z machine.initialized color: gray {name: newsFSM} undefined
PAGE LOG [news]: %c[DEBUG] 2026-03-02T10:32:51.645Z machine.initialized color: gray {name: sign-upFSM} undefined
PAGE LOG [news]: %c[DEBUG] 2026-03-02T10:32:51.645Z service.spec color: gray {name: api, spec: Object} undefined
PAGE LOG [news]: %c[DEBUG] 2026-03-02T10:32:51.645Z service.initialized color: gray {name: api, type: undefined, adapter: http} undefined
PAGE LOG [news]: %c[DEBUG] 2026-03-02T10:32:51.645Z service.spec color: gray {name: realtime, spec: Object} undefined
PAGE LOG [news]: %c[DEBUG] 2026-03-02T10:32:51.645Z service.initialized color: gray {name: realtime, type: undefined, adapter: websocket} undefined
PAGE LOG [news]: %c[DEBUG] 2026-03-02T10:32:51.645Z service.spec color: gray {name: chat, spec: Object} undefined
PAGE LOG [news]: %c[DEBUG] 2026-03-02T10:32:51.645Z service.initialized color: gray {name: chat, type: undefined, adapter: jsonrpc} undefined
PAGE LOG [news]: %c[DEBUG] 2026-03-02T10:32:51.645Z service.spec color: gray {name: chatbot, spec: Object} undefined
PAGE LOG [news]: %c[DEBUG] 2026-03-02T10:32:51.645Z service.initialized color: gray {name: chatbot, type: undefined, adapter: jsonrpc} undefined
PAGE LOG [news]: %c[DEBUG] 2026-03-02T10:32:51.645Z service.spec color: gray {name: eod, spec: Object} undefined
PAGE LOG [news]: %c[DEBUG] 2026-03-02T10:32:51.645Z service.initialized color: gray {name: eod, type: undefined, adapter: file} undefined
PAGE HTML [news] <html><head>
    <meta charset="utf-8">
    <meta name="viewport" content="width=device-width, initial-scale=1">
    <meta name="title" content="Invest America">
    <meta name="description" content="">
    <title>Invest America</title>
    
</head>
<body>
    <header id="site-header">
  <nav ux-style="nav">
    
      
        <a href="/" disabled="">
          
        </a>
      
        <a href="/home" disabled="">
          
        </a>
      
        <a href="/login" disabled="">
          
        </a>
      
        <a href="/dashboard" disabled="">
          
        </a>
      
        <a href="/dashboard/:section" disabled="">
          
        </a>
      
        <a href="/market" disabled="">
          
        </a>
      
        <a href="/market/:exchange" disabled="">
          
        </a>
      
        <a href="/asset/:symbol" disabled="">
          
        </a>
      
        <a href="/for-you" disabled="">
          
        </a>
      
        <a href="/chat" disabled="">
          
        </a>
      
        <a href="/chat/:conversation" disabled="">
          
        </a>
      
        <a href="/blog" disabled="">
          
        </a>
      
        <a href="/blog/:slug" disabled="">
          
        </a>
      
        <a href="/news" disabled="">
          
        </a>
      
        <a href="/account" disabled="">
          
        </a>
      
        <a href="/billing" disabled="">
          
        </a>
      
        <a href="/macro" disabled="">
          
        </a>
      
        <a href="/sign-up" disabled="">
          
        </a>
      
    
  </nav>
</header>

<main id="ux-content" role="main">
  
</main>

<footer id="site-footer">
  <small ux-style="small"></small>
</footer>

    <script data-ux3="hydration">document.addEventListener('DOMContentLoaded', async () => {   try {     const m = await import('/dist/bundle.js?ts=1772447571574');     if (m && typeof m.initApp === 'function') {       await m.initApp();     }   } catch(e) { console.error('[UX3 hydration]', e); } });</script>



<ux3-inspector></ux3-inspector></body></html>

[[ATTACHMENT|iam-content-news-page-shows-articles-chromium/test-failed-1.png]]

[[ATTACHMENT|iam-content-news-page-shows-articles-chromium/video.webm]]

[[ATTACHMENT|iam-content-news-page-shows-articles-chromium/error-context.md]]
]]>
</system-out>
</testcase>
<testcase name="market page displays table and chart element" classname="iam-content.spec.ts" time="11.065">
<failure message="iam-content.spec.ts:18:1 market page displays table and chart element" type="FAILURE">
<![CDATA[  [chromium] › iam-content.spec.ts:18:1 › market page displays table and chart element ─────────────

    TimeoutError: page.waitForSelector: Timeout 10000ms exceeded.
    Call log:
      - waiting for locator('div[ux-state="market.loaded"]') to be visible


      20 |   await page.goto('/market');
      21 |   console.log('PAGE HTML [market]', await page.content());
    > 22 |   await page.waitForSelector('div[ux-state="market.loaded"]', { timeout: 10000 });
         |              ^
      23 |   await page.waitForSelector('table tr');
      24 |   const rows = await page.$$eval('table tr', els => els.length);
      25 |   expect(rows).toBeGreaterThan(1);
        at /developer/ux3/tests/e2e/iam-content.spec.ts:22:14

    attachment #1: screenshot (image/png) ──────────────────────────────────────────────────────────
    ../../playwright-report/iam-content-market-page-displays-table-and-chart-element-chromium/test-failed-1.png
    ────────────────────────────────────────────────────────────────────────────────────────────────

    attachment #2: video (video/webm) ──────────────────────────────────────────────────────────────
    ../../playwright-report/iam-content-market-page-displays-table-and-chart-element-chromium/video.webm
    ────────────────────────────────────────────────────────────────────────────────────────────────

    Error Context: ../../playwright-report/iam-content-market-page-displays-table-and-chart-element-chromium/error-context.md
]]>
</failure>
<system-out>
<![CDATA[PAGE LOG [market]: [AppContextBuilder] createService api {adapter: http, baseUrl: http://localhost:1337/api, auth: Object} http
PAGE LOG [market]: [AppContextBuilder] createService realtime {adapter: websocket, url: ws://localhost:1337/realtime, reconnectAttempts: 5, reconnectInterval: 2000} websocket
PAGE LOG [market]: [AppContextBuilder] createService chat {adapter: jsonrpc, endpoint: http://localhost:1337/rpc/chat} jsonrpc
PAGE LOG [market]: [AppContextBuilder] createService chatbot {adapter: jsonrpc, endpoint: http://localhost:1337/api/chatbot} jsonrpc
PAGE LOG [market]: [AppContextBuilder] createService eod {adapter: file, baseUrl: public/api/asset/eod/{{this.symbol}}.json, caching: Object} file
PAGE LOG [market]: %c[DEBUG] 2026-03-02T10:32:51.632Z inspector enabled color: gray {} undefined
PAGE LOG [market]: %c[DEBUG] 2026-03-02T10:32:51.634Z machine.initialized color: gray {name: accountFSM} undefined
PAGE LOG [market]: %c[DEBUG] 2026-03-02T10:32:51.634Z machine.initialized color: gray {name: assetFSM} undefined
PAGE LOG [market]: %c[DEBUG] 2026-03-02T10:32:51.634Z machine.initialized color: gray {name: billingFSM} undefined
PAGE LOG [market]: %c[DEBUG] 2026-03-02T10:32:51.634Z machine.initialized color: gray {name: blogFSM} undefined
PAGE LOG [market]: %c[DEBUG] 2026-03-02T10:32:51.635Z machine.initialized color: gray {name: chatFSM} undefined
PAGE LOG [market]: %c[DEBUG] 2026-03-02T10:32:51.635Z machine.initialized color: gray {name: dashboardFSM} undefined
PAGE LOG [market]: %c[DEBUG] 2026-03-02T10:32:51.635Z machine.initialized color: gray {name: for-youFSM} undefined
PAGE LOG [market]: %c[DEBUG] 2026-03-02T10:32:51.635Z machine.initialized color: gray {name: indexFSM} undefined
PAGE LOG [market]: %c[DEBUG] 2026-03-02T10:32:51.635Z machine.initialized color: gray {name: loginFSM} undefined
PAGE LOG [market]: %c[DEBUG] 2026-03-02T10:32:51.635Z machine.initialized color: gray {name: macroFSM} undefined
PAGE LOG [market]: %c[DEBUG] 2026-03-02T10:32:51.635Z machine.initialized color: gray {name: marketFSM} undefined
PAGE LOG [market]: %c[DEBUG] 2026-03-02T10:32:51.635Z machine.initialized color: gray {name: newsFSM} undefined
PAGE LOG [market]: %c[DEBUG] 2026-03-02T10:32:51.635Z machine.initialized color: gray {name: sign-upFSM} undefined
PAGE LOG [market]: %c[DEBUG] 2026-03-02T10:32:51.635Z service.spec color: gray {name: api, spec: Object} undefined
PAGE LOG [market]: %c[DEBUG] 2026-03-02T10:32:51.635Z service.initialized color: gray {name: api, type: undefined, adapter: http} undefined
PAGE LOG [market]: %c[DEBUG] 2026-03-02T10:32:51.636Z service.spec color: gray {name: realtime, spec: Object} undefined
PAGE LOG [market]: %c[DEBUG] 2026-03-02T10:32:51.636Z service.initialized color: gray {name: realtime, type: undefined, adapter: websocket} undefined
PAGE LOG [market]: %c[DEBUG] 2026-03-02T10:32:51.636Z service.spec color: gray {name: chat, spec: Object} undefined
PAGE LOG [market]: %c[DEBUG] 2026-03-02T10:32:51.636Z service.initialized color: gray {name: chat, type: undefined, adapter: jsonrpc} undefined
PAGE LOG [market]: %c[DEBUG] 2026-03-02T10:32:51.636Z service.spec color: gray {name: chatbot, spec: Object} undefined
PAGE LOG [market]: %c[DEBUG] 2026-03-02T10:32:51.636Z service.initialized color: gray {name: chatbot, type: undefined, adapter: jsonrpc} undefined
PAGE LOG [market]: %c[DEBUG] 2026-03-02T10:32:51.636Z service.spec color: gray {name: eod, spec: Object} undefined
PAGE LOG [market]: %c[DEBUG] 2026-03-02T10:32:51.636Z service.initialized color: gray {name: eod, type: undefined, adapter: file} undefined
PAGE LOG [market]: [AppContextBuilder] createService api {adapter: http, baseUrl: http://localhost:1337/api, auth: Object} http
PAGE LOG [market]: [AppContextBuilder] createService realtime {adapter: websocket, url: ws://localhost:1337/realtime, reconnectAttempts: 5, reconnectInterval: 2000} websocket
PAGE LOG [market]: [AppContextBuilder] createService chat {adapter: jsonrpc, endpoint: http://localhost:1337/rpc/chat} jsonrpc
PAGE LOG [market]: [AppContextBuilder] createService chatbot {adapter: jsonrpc, endpoint: http://localhost:1337/api/chatbot} jsonrpc
PAGE LOG [market]: [AppContextBuilder] createService eod {adapter: file, baseUrl: public/api/asset/eod/{{this.symbol}}.json, caching: Object} file
PAGE LOG [market]: %c[DEBUG] 2026-03-02T10:32:51.643Z inspector enabled color: gray {} undefined
PAGE LOG [market]: %c[DEBUG] 2026-03-02T10:32:51.644Z machine.initialized color: gray {name: accountFSM} undefined
PAGE LOG [market]: %c[DEBUG] 2026-03-02T10:32:51.644Z machine.initialized color: gray {name: assetFSM} undefined
PAGE LOG [market]: %c[DEBUG] 2026-03-02T10:32:51.644Z machine.initialized color: gray {name: billingFSM} undefined
PAGE LOG [market]: %c[DEBUG] 2026-03-02T10:32:51.644Z machine.initialized color: gray {name: blogFSM} undefined
PAGE LOG [market]: %c[DEBUG] 2026-03-02T10:32:51.644Z machine.initialized color: gray {name: chatFSM} undefined
PAGE LOG [market]: %c[DEBUG] 2026-03-02T10:32:51.644Z machine.initialized color: gray {name: dashboardFSM} undefined
PAGE LOG [market]: %c[DEBUG] 2026-03-02T10:32:51.644Z machine.initialized color: gray {name: for-youFSM} undefined
PAGE LOG [market]: %c[DEBUG] 2026-03-02T10:32:51.644Z machine.initialized color: gray {name: indexFSM} undefined
PAGE LOG [market]: %c[DEBUG] 2026-03-02T10:32:51.644Z machine.initialized color: gray {name: loginFSM} undefined
PAGE LOG [market]: %c[DEBUG] 2026-03-02T10:32:51.645Z machine.initialized color: gray {name: macroFSM} undefined
PAGE LOG [market]: %c[DEBUG] 2026-03-02T10:32:51.645Z machine.initialized color: gray {name: marketFSM} undefined
PAGE LOG [market]: %c[DEBUG] 2026-03-02T10:32:51.645Z machine.initialized color: gray {name: newsFSM} undefined
PAGE LOG [market]: %c[DEBUG] 2026-03-02T10:32:51.645Z machine.initialized color: gray {name: sign-upFSM} undefined
PAGE LOG [market]: %c[DEBUG] 2026-03-02T10:32:51.645Z service.spec color: gray {name: api, spec: Object} undefined
PAGE LOG [market]: %c[DEBUG] 2026-03-02T10:32:51.645Z service.initialized color: gray {name: api, type: undefined, adapter: http} undefined
PAGE LOG [market]: %c[DEBUG] 2026-03-02T10:32:51.645Z service.spec color: gray {name: realtime, spec: Object} undefined
PAGE LOG [market]: %c[DEBUG] 2026-03-02T10:32:51.645Z service.initialized color: gray {name: realtime, type: undefined, adapter: websocket} undefined
PAGE LOG [market]: %c[DEBUG] 2026-03-02T10:32:51.645Z service.spec color: gray {name: chat, spec: Object} undefined
PAGE LOG [market]: %c[DEBUG] 2026-03-02T10:32:51.645Z service.initialized color: gray {name: chat, type: undefined, adapter: jsonrpc} undefined
PAGE LOG [market]: %c[DEBUG] 2026-03-02T10:32:51.645Z service.spec color: gray {name: chatbot, spec: Object} undefined
PAGE LOG [market]: %c[DEBUG] 2026-03-02T10:32:51.645Z service.initialized color: gray {name: chatbot, type: undefined, adapter: jsonrpc} undefined
PAGE LOG [market]: %c[DEBUG] 2026-03-02T10:32:51.645Z service.spec color: gray {name: eod, spec: Object} undefined
PAGE LOG [market]: %c[DEBUG] 2026-03-02T10:32:51.646Z service.initialized color: gray {name: eod, type: undefined, adapter: file} undefined
PAGE HTML [market] <html><head>
    <meta charset="utf-8">
    <meta name="viewport" content="width=device-width, initial-scale=1">
    <meta name="title" content="Invest America">
    <meta name="description" content="">
    <title>Invest America</title>
    
</head>
<body>
    <header id="site-header">
  <nav ux-style="nav">
    
      
        <a href="/" disabled="">
          
        </a>
      
        <a href="/home" disabled="">
          
        </a>
      
        <a href="/login" disabled="">
          
        </a>
      
        <a href="/dashboard" disabled="">
          
        </a>
      
        <a href="/dashboard/:section" disabled="">
          
        </a>
      
        <a href="/market" disabled="">
          
        </a>
      
        <a href="/market/:exchange" disabled="">
          
        </a>
      
        <a href="/asset/:symbol" disabled="">
          
        </a>
      
        <a href="/for-you" disabled="">
          
        </a>
      
        <a href="/chat" disabled="">
          
        </a>
      
        <a href="/chat/:conversation" disabled="">
          
        </a>
      
        <a href="/blog" disabled="">
          
        </a>
      
        <a href="/blog/:slug" disabled="">
          
        </a>
      
        <a href="/news" disabled="">
          
        </a>
      
        <a href="/account" disabled="">
          
        </a>
      
        <a href="/billing" disabled="">
          
        </a>
      
        <a href="/macro" disabled="">
          
        </a>
      
        <a href="/sign-up" disabled="">
          
        </a>
      
    
  </nav>
</header>

<main id="ux-content" role="main">
  
</main>

<footer id="site-footer">
  <small ux-style="small"></small>
</footer>

    <script data-ux3="hydration">document.addEventListener('DOMContentLoaded', async () => {   try {     const m = await import('/dist/bundle.js?ts=1772447571574');     if (m && typeof m.initApp === 'function') {       await m.initApp();     }   } catch(e) { console.error('[UX3 hydration]', e); } });</script>



<ux3-inspector></ux3-inspector></body></html>

[[ATTACHMENT|iam-content-market-page-displays-table-and-chart-element-chromium/test-failed-1.png]]

[[ATTACHMENT|iam-content-market-page-displays-table-and-chart-element-chromium/video.webm]]

[[ATTACHMENT|iam-content-market-page-displays-table-and-chart-element-chromium/error-context.md]]
]]>
</system-out>
</testcase>
</testsuite>
</testsuites>